<?xml version="1.0" encoding="UTF-8"?>
<testng-results ignored="0" total="1" passed="1" failed="0" skipped="0">
  <reporter-output>
  </reporter-output>
  <suite started-at="2025-11-30T18:01:28 IST" name="ZuduAISuite" finished-at="2025-11-30T18:01:47 IST" duration-ms="19088">
    <groups>
    </groups>
    <test started-at="2025-11-30T18:01:28 IST" name="ChromeTest" finished-at="2025-11-30T18:01:47 IST" duration-ms="19088">
      <class name="testCases_ZuduAI.logIn.TC_001_LoginTest">
        <test-method is-config="true" signature="setUp(java.lang.String)[pri:0, instance:testCases_ZuduAI.logIn.TC_001_LoginTest@31190526]" started-at="2025-11-30T18:01:28 IST" name="setUp" finished-at="2025-11-30T18:01:42 IST" duration-ms="14060" status="PASS">
          <params>
            <param index="0">
              <value>
                <![CDATA[chrome]]>
              </value>
            </param>
          </params>
          <reporter-output>
          </reporter-output>
        </test-method> <!-- setUp -->
        <test-method signature="test_Login()[pri:0, instance:testCases_ZuduAI.logIn.TC_001_LoginTest@31190526]" started-at="2025-11-30T18:01:42 IST" name="test_Login" finished-at="2025-11-30T18:01:46 IST" duration-ms="3673" status="PASS">
          <reporter-output>
          </reporter-output>
        </test-method> <!-- test_Login -->
        <test-method is-config="true" signature="tearDown()[pri:0, instance:testCases_ZuduAI.logIn.TC_001_LoginTest@31190526]" started-at="2025-11-30T18:01:46 IST" name="tearDown" finished-at="2025-11-30T18:01:47 IST" duration-ms="1235" status="PASS">
          <reporter-output>
          </reporter-output>
        </test-method> <!-- tearDown -->
      </class> <!-- testCases_ZuduAI.logIn.TC_001_LoginTest -->
    </test> <!-- ChromeTest -->
  </suite> <!-- ZuduAISuite -->
</testng-results>
