<?xml version="1.0" encoding="UTF-8"?>
<testng-results ignored="0" total="1" passed="1" failed="0" skipped="0">
  <reporter-output>
  </reporter-output>
  <suite started-at="2025-11-26T23:24:06 IST" name="Default suite" finished-at="2025-11-26T23:26:09 IST" duration-ms="123270">
    <groups>
    </groups>
    <test started-at="2025-11-26T23:24:06 IST" name="Default test" finished-at="2025-11-26T23:26:09 IST" duration-ms="123270">
      <class name="testCases_ZuduAI.TC_001_AccountCreationTest">
        <test-method is-config="true" signature="setUp()[pri:0, instance:testCases_ZuduAI.TC_001_AccountCreationTest@198b6731]" started-at="2025-11-26T23:24:06 IST" name="setUp" finished-at="2025-11-26T23:24:23 IST" duration-ms="17425" status="PASS">
          <reporter-output>
          </reporter-output>
        </test-method> <!-- setUp -->
        <test-method signature="test_AccountCreation()[pri:0, instance:testCases_ZuduAI.TC_001_AccountCreationTest@198b6731]" started-at="2025-11-26T23:24:23 IST" name="test_AccountCreation" finished-at="2025-11-26T23:26:06 IST" duration-ms="102898" status="PASS">
          <reporter-output>
          </reporter-output>
        </test-method> <!-- test_AccountCreation -->
        <test-method is-config="true" signature="tearDown()[pri:0, instance:testCases_ZuduAI.TC_001_AccountCreationTest@198b6731]" started-at="2025-11-26T23:26:06 IST" name="tearDown" finished-at="2025-11-26T23:26:09 IST" duration-ms="2559" status="PASS">
          <reporter-output>
          </reporter-output>
        </test-method> <!-- tearDown -->
      </class> <!-- testCases_ZuduAI.TC_001_AccountCreationTest -->
    </test> <!-- Default test -->
  </suite> <!-- Default suite -->
</testng-results>
